To honour the JVM settings for this build a single-use Daemon process will be forked. For more on this, please refer to https://docs.gradle.org/8.10.2/userguide/gradle_daemon.html#sec:disabling_the_daemon in the Gradle documentation.
Daemon will be stopped at the end of the build 

> Configure project :
Architect Plugin: 3.4.164
Architectury Loom: 1.7.435
You are using an outdated version of Architectury Loom! This version will not receive any support, please consider updating!

> Task :common:compileJava UP-TO-DATE
> Task :common:processResources UP-TO-DATE
> Task :common:classes UP-TO-DATE
> Task :common:jar UP-TO-DATE
> Task :fabric:compileJava UP-TO-DATE
> Task :fabric:processResources UP-TO-DATE
> Task :fabric:classes UP-TO-DATE
> Task :fabric:generateLog4jConfig UP-TO-DATE
> Task :fabric:generateRemapClasspath UP-TO-DATE
> Task :fabric:generateDLIConfig UP-TO-DATE
> Task :fabric:prepareArchitecturyTransformer
> Task :fabric:configureLaunch
> Task :fabric:downloadAssets UP-TO-DATE
> Task :fabric:configureClientLaunch

> Task :fabric:runClient
[Architectury Transformer] Architectury Runtime 5.2.91
[Architectury Transformer] Read classpath in 1.350 s
[Architectury Transformer] Listening at F:\Mod\AdaptiveHorrorEntity\common\build\devlibs\adaptive-horror-entity-0.2.0-dev.jar
[14:06:42] [main/INFO] (FabricLoader/GameProvider) Loading Minecraft 1.21.1 with Fabric Loader 0.16.5
[14:06:42] [main/INFO] (FabricLoader) Loading 56 mods:
	- adaptivehorror 0.2.0
	- fabric-api 0.115.1+1.21.1
	- fabric-api-base 0.4.42+6573ed8c19
	- fabric-api-lookup-api-v1 1.6.70+b559734419
	- fabric-biome-api-v1 13.0.31+d527f9fd19
	- fabric-block-api-v1 1.0.22+0af3f5a719
	- fabric-block-view-api-v2 1.0.10+6573ed8c19
	- fabric-blockrenderlayer-v1 1.1.52+0af3f5a719
	- fabric-client-tags-api-v1 1.1.15+6573ed8c19
	- fabric-command-api-v1 1.2.49+f71b366f19
	- fabric-command-api-v2 2.2.28+6ced4dd919
	- fabric-commands-v0 0.2.66+df3654b319
	- fabric-content-registries-v0 8.0.18+b559734419
	- fabric-convention-tags-v1 2.1.3+7f945d5b19
	- fabric-convention-tags-v2 2.10.0+9465b64419
	- fabric-crash-report-info-v1 0.2.29+0af3f5a719
	- fabric-data-attachment-api-v1 1.4.1+9ed317f519
	- fabric-data-generation-api-v1 20.2.26+16c4ae2519
	- fabric-dimensions-v1 4.0.0+6fc22b9919
	- fabric-entity-events-v1 1.7.0+2122d82819
	- fabric-events-interaction-v0 0.7.13+ba9dae0619
	- fabric-game-rule-api-v1 1.0.53+6ced4dd919
	- fabric-gametest-api-v1 2.0.5+6fc22b9919
	- fabric-item-api-v1 11.1.1+d5debaed19
	- fabric-item-group-api-v1 4.1.6+6823f7cd19
	- fabric-key-binding-api-v1 1.0.47+0af3f5a719
	- fabric-keybindings-v0 0.2.45+df3654b319
	- fabric-lifecycle-events-v1 2.5.0+01d9a51c19
	- fabric-loot-api-v2 3.0.15+3f89f5a519
	- fabric-loot-api-v3 1.0.3+3f89f5a519
	- fabric-message-api-v1 6.0.13+6573ed8c19
	- fabric-model-loading-api-v1 2.0.0+fe474d6b19
	- fabric-networking-api-v1 4.3.0+c7469b2119
	- fabric-object-builder-api-v1 15.2.1+40875a9319
	- fabric-particles-v1 4.0.2+6573ed8c19
	- fabric-recipe-api-v1 5.0.14+248df81c19
	- fabric-registry-sync-v0 5.2.0+34f5d91419
	- fabric-renderer-api-v1 3.4.0+c705a49c19
	- fabric-renderer-indigo 1.7.0+c705a49c19
	- fabric-renderer-registries-v1 3.2.68+df3654b319
	- fabric-rendering-data-attachment-v1 0.3.48+73761d2e19
	- fabric-rendering-fluids-v1 3.1.6+1daea21519
	- fabric-rendering-v0 1.1.71+df3654b319
	- fabric-rendering-v1 5.0.5+df16efd019
	- fabric-resource-conditions-api-v1 4.3.0+8dc279b119
	- fabric-resource-loader-v0 1.3.1+5b5275af19
	- fabric-screen-api-v1 2.0.25+8b68f1c719
	- fabric-screen-handler-api-v1 1.3.88+b559734419
	- fabric-sound-api-v1 1.0.23+6573ed8c19
	- fabric-transfer-api-v1 5.4.2+c24bd99419
	- fabric-transitive-access-wideners-v1 6.2.0+45b9699719
	- fabricloader 0.16.5
	- generated_5987498 1.0.0
	- java 21
	- minecraft 1.21.1
	- mixinextras 0.4.1
[14:06:42] [main/INFO] (FabricLoader/Mixin) SpongePowered MIXIN Subsystem Version=0.8.7 Source=file:/C:/Users/krmkr/.gradle/caches/modules-2/files-2.1/net.fabricmc/sponge-mixin/0.15.3+mixin.0.8.7/51ee0a44ab05f6fddd66b09e66b3a16904f9c55d/sponge-mixin-0.15.3+mixin.0.8.7.jar Service=Knot/Fabric Env=CLIENT
[14:06:43] [main/INFO] (FabricLoader/Mixin) Loaded Fabric development mappings for mixin remapper!
[14:06:43] [main/INFO] (FabricLoader/Mixin) Compatibility level set to JAVA_17
[14:06:43] [main/INFO] (FabricLoader/Mixin) Compatibility level set to JAVA_21
[14:06:44] [main/INFO] (FabricLoader/MixinExtras|Service) Initializing MixinExtras via com.llamalad7.mixinextras.service.MixinExtrasServiceImpl(version=0.4.1).
[14:06:46] [Datafixer Bootstrap/INFO] (Minecraft) 226 Datafixer optimizations took 445 milliseconds
[14:06:52] [Render thread/INFO] (Minecraft) Environment: Environment[sessionHost=https://sessionserver.mojang.com, servicesHost=https://api.minecraftservices.com, name=PROD]
[14:06:52] [Render thread/INFO] (Minecraft) Setting user: Player963
[14:06:52] [Render thread/INFO] (Adaptive Horror Entity) [Adaptive Horror Entity] Bootstrapping common systems...
[14:06:52] [Render thread/INFO] (Adaptive Horror Entity) Loaded config from F:\Mod\AdaptiveHorrorEntity\fabric\run\config\adaptivehorror.json
[14:06:52] [Render thread/ERROR] (Minecraft) No data fixer registered for stalker
[14:06:52] [Render thread/ERROR] (Minecraft) No data fixer registered for fake_player
[14:06:52] [Render thread/INFO] (Adaptive Horror Entity) [Adaptive Horror Entity] Common bootstrap complete.
[14:06:52] [Render thread/INFO] (Indigo) [Indigo] Registering Indigo renderer!
[14:06:53] [Render thread/INFO] (Minecraft) Backend library: LWJGL version 3.3.3-snapshot
[14:06:54] [Render thread/INFO] (Minecraft) Reloading ResourceManager: vanilla, fabric, fabric-api, fabric-api-base, fabric-api-lookup-api-v1, fabric-biome-api-v1, fabric-block-api-v1, fabric-block-view-api-v2, fabric-blockrenderlayer-v1, fabric-client-tags-api-v1, fabric-command-api-v1, fabric-command-api-v2, fabric-commands-v0, fabric-content-registries-v0, fabric-convention-tags-v1, fabric-convention-tags-v2, fabric-crash-report-info-v1, fabric-data-attachment-api-v1, fabric-data-generation-api-v1, fabric-dimensions-v1, fabric-entity-events-v1, fabric-events-interaction-v0, fabric-game-rule-api-v1, fabric-gametest-api-v1, fabric-item-api-v1, fabric-item-group-api-v1, fabric-key-binding-api-v1, fabric-keybindings-v0, fabric-lifecycle-events-v1, fabric-loot-api-v2, fabric-loot-api-v3, fabric-message-api-v1, fabric-model-loading-api-v1, fabric-networking-api-v1, fabric-object-builder-api-v1, fabric-particles-v1, fabric-recipe-api-v1, fabric-registry-sync-v0, fabric-renderer-api-v1, fabric-renderer-indigo, fabric-renderer-registries-v1, fabric-rendering-data-attachment-v1, fabric-rendering-fluids-v1, fabric-rendering-v0, fabric-rendering-v1, fabric-resource-conditions-api-v1, fabric-resource-loader-v0, fabric-screen-api-v1, fabric-screen-handler-api-v1, fabric-sound-api-v1, fabric-transfer-api-v1, fabric-transitive-access-wideners-v1, fabricloader, generated_5987498
[14:06:54] [Worker-Main-13/INFO] (Minecraft) Found unifont_all_no_pua-15.1.05.hex, loading
[14:06:54] [Worker-Main-5/INFO] (Minecraft) Found unifont_jp_patch-15.1.05.hex, loading
[14:06:56] [Render thread/WARN] (Minecraft) Missing sound for event: minecraft:item.goat_horn.play
[14:06:56] [Render thread/WARN] (Minecraft) Missing sound for event: minecraft:entity.goat.screaming.horn_break
[14:06:56] [Render thread/INFO] (Minecraft) OpenAL initialized on device OpenAL Soft on Hoparlör (USB PnP Sound Device)
[14:06:56] [Render thread/INFO] (Minecraft) Sound engine started
[14:06:56] [Render thread/INFO] (Minecraft) Created: 1024x512x4 minecraft:textures/atlas/blocks.png-atlas
[14:06:56] [Render thread/INFO] (Minecraft) Created: 256x256x4 minecraft:textures/atlas/signs.png-atlas
[14:06:56] [Render thread/INFO] (Minecraft) Created: 512x512x4 minecraft:textures/atlas/shield_patterns.png-atlas
[14:06:56] [Render thread/INFO] (Minecraft) Created: 512x512x4 minecraft:textures/atlas/banner_patterns.png-atlas
[14:06:56] [Render thread/INFO] (Minecraft) Created: 1024x1024x4 minecraft:textures/atlas/armor_trims.png-atlas
[14:06:56] [Render thread/INFO] (Minecraft) Created: 128x64x4 minecraft:textures/atlas/decorated_pot.png-atlas
[14:06:56] [Render thread/INFO] (Minecraft) Created: 256x256x4 minecraft:textures/atlas/chest.png-atlas
[14:06:56] [Render thread/INFO] (Minecraft) Created: 512x256x4 minecraft:textures/atlas/shulker_boxes.png-atlas
[14:06:56] [Render thread/INFO] (Minecraft) Created: 512x256x4 minecraft:textures/atlas/beds.png-atlas
[14:06:57] [Render thread/INFO] (Minecraft) Created: 512x256x0 minecraft:textures/atlas/particles.png-atlas
[14:06:57] [Render thread/INFO] (Minecraft) Created: 512x256x0 minecraft:textures/atlas/paintings.png-atlas
[14:06:57] [Render thread/INFO] (Minecraft) Created: 256x128x0 minecraft:textures/atlas/mob_effects.png-atlas
[14:06:57] [Render thread/INFO] (Minecraft) Created: 64x64x0 minecraft:textures/atlas/map_decorations.png-atlas
[14:06:57] [Render thread/INFO] (Minecraft) Created: 1024x512x0 minecraft:textures/atlas/gui.png-atlas
[14:06:57] [Render thread/WARN] (Minecraft) Shader rendertype_entity_translucent_emissive could not find sampler named Sampler2 in the specified shader program.
[14:30:59] [Render thread/INFO] (Minecraft) Loaded 1290 recipes
[14:30:59] [Render thread/INFO] (Minecraft) Loaded 1399 advancements
[14:31:06] [Render thread/INFO] (BiomeModificationImpl) Applied 0 biome modifications to 0 of 64 new biomes in 812.9 μs
[14:31:06] [Server thread/INFO] (Minecraft) Starting integrated minecraft server version 1.21.1
[14:31:06] [Server thread/INFO] (Minecraft) Generating keypair
[14:31:09] [Server thread/INFO] (Minecraft) Preparing start region for dimension minecraft:overworld
[14:31:09] [Render thread/INFO] (Minecraft) Preparing spawn area: 2%
[14:31:09] [Render thread/INFO] (Minecraft) Preparing spawn area: 2%
[14:31:10] [Render thread/INFO] (Minecraft) Preparing spawn area: 18%
[14:31:10] [Render thread/INFO] (Minecraft) Preparing spawn area: 51%
[14:31:11] [Render thread/INFO] (Minecraft) Time elapsed: 2027 ms
[14:31:11] [Server thread/ERROR] (Adaptive Horror Entity) Could not resolve player-info packet constructor; the null tab entry will be unavailable
java.lang.NoSuchMethodException: net.minecraft.network.protocol.game.ClientboundPlayerInfoUpdatePacket.<init>(java.util.EnumSet,java.util.List)
	at java.base/java.lang.Class.getConstructor0(Class.java:3763) ~[?:?]
	at java.base/java.lang.Class.getDeclaredConstructor(Class.java:2932) ~[?:?]
	at com.adaptivehorror.npc.NullManager.resolveCtor(NullManager.java:49) ~[3981057888201324463.jar:?]
	at com.adaptivehorror.npc.NullManager.<clinit>(NullManager.java:43) ~[3981057888201324463.jar:?]
	at com.adaptivehorror.scheduler.HorrorScheduler.tickServer(HorrorScheduler.java:47) ~[3981057888201324463.jar:?]
	at com.adaptivehorror.fabric.AdaptiveHorrorFabric.lambda$onInitialize$0(AdaptiveHorrorFabric.java:29) ~[main/:?]
	at net.fabricmc.fabric.api.event.lifecycle.v1.ServerTickEvents.lambda$static$2(ServerTickEvents.java:43) ~[fabric-lifecycle-events-v1-2.5.0+01d9a51c19.jar:?]
	at net.minecraft.server.MinecraftServer.handler$zzd000$fabric-lifecycle-events-v1$onEndTick(MinecraftServer.java:2163) ~[minecraft-merged-a5fe06f283-1.21.1-loom.mappings.1_21_1.layered+hash.40359-v2.jar:?]
	at net.minecraft.server.MinecraftServer.tickServer(MinecraftServer.java:940) ~[minecraft-merged-a5fe06f283-1.21.1-loom.mappings.1_21_1.layered+hash.40359-v2.jar:?]
	at net.minecraft.client.server.IntegratedServer.tickServer(IntegratedServer.java:114) ~[minecraft-merged-a5fe06f283-1.21.1-loom.mappings.1_21_1.layered+hash.40359-v2.jar:?]
	at net.minecraft.server.MinecraftServer.runServer(MinecraftServer.java:697) ~[minecraft-merged-a5fe06f283-1.21.1-loom.mappings.1_21_1.layered+hash.40359-v2.jar:?]
	at net.minecraft.server.MinecraftServer.method_29739(MinecraftServer.java:281) ~[minecraft-merged-a5fe06f283-1.21.1-loom.mappings.1_21_1.layered+hash.40359-v2.jar:?]
	at java.base/java.lang.Thread.run(Thread.java:1583) [?:?]
[14:31:11] [Server thread/INFO] (Minecraft) Changing view distance to 12, from 10
[14:31:11] [Server thread/INFO] (Minecraft) Changing simulation distance to 12, from 0
[14:31:12] [Server thread/INFO] (Minecraft) Player963[local:E:e20ec7e6] logged in with entity id 15 at (-23.5, 84.0, -28.5)
[14:31:12] [Server thread/INFO] (Minecraft) Player963 joined the game
[14:31:12] [Render thread/INFO] (Minecraft) Loaded 2 advancements
[14:31:12] [Server thread/INFO] (Minecraft) Saving and pausing game...
[14:31:12] [Server thread/INFO] (Minecraft) Saving chunks for level 'ServerLevel[New World]'/minecraft:overworld
[14:31:12] [Server thread/INFO] (Minecraft) Saving chunks for level 'ServerLevel[New World]'/minecraft:the_nether
[14:31:12] [Server thread/INFO] (Minecraft) Saving chunks for level 'ServerLevel[New World]'/minecraft:the_end
[14:31:27] [Server thread/INFO] (Minecraft) Saving and pausing game...
[14:31:27] [Server thread/INFO] (Minecraft) Saving chunks for level 'ServerLevel[New World]'/minecraft:overworld
[14:31:27] [Server thread/INFO] (Minecraft) Saving chunks for level 'ServerLevel[New World]'/minecraft:the_nether
[14:31:27] [Server thread/INFO] (Minecraft) Saving chunks for level 'ServerLevel[New World]'/minecraft:the_end
[14:31:49] [Render thread/INFO] (Minecraft) [System] [CHAT] Unknown or incomplete command, see below for error
[14:31:49] [Render thread/INFO] (Minecraft) [System] [CHAT] ahe<--[HERE]
[14:31:52] [Render thread/INFO] (Minecraft) [System] [CHAT] [AdaptiveHorror] Uyarı ekranı gönderildi.
[14:31:52] [Server thread/INFO] (Minecraft) Saving and pausing game...
[14:31:52] [Server thread/INFO] (Minecraft) Saving chunks for level 'ServerLevel[New World]'/minecraft:overworld
[14:31:52] [Server thread/INFO] (Minecraft) Saving chunks for level 'ServerLevel[New World]'/minecraft:the_nether
[14:31:52] [Server thread/INFO] (Minecraft) Saving chunks for level 'ServerLevel[New World]'/minecraft:the_end
[14:31:56] [Render thread/INFO] (Minecraft) [System] [CHAT] Uyuma.
[14:31:56] [Render thread/INFO] (Minecraft) [System] [CHAT] [AdaptiveHorror] 'chat' olayı tetiklendi.
[14:31:59] [Render thread/INFO] (Minecraft) [System] [CHAT] [AdaptiveHorror] Bilinmeyen olay: 'fake_playerchat'.
[14:32:02] [Render thread/INFO] (Minecraft) [System] [CHAT] [AdaptiveHorror] 'fake_player' olayı tetiklendi.
[14:32:09] [Render thread/INFO] (Minecraft) [System] [CHAT] [AdaptiveHorror] 'global' olayı tetiklendi.
[14:32:13] [Render thread/INFO] (Minecraft) [System] [CHAT] [AdaptiveHorror] 'music_distort' olayı tetiklendi.
[14:32:17] [Render thread/INFO] (Minecraft) [System] [CHAT] [AdaptiveHorror] 'music_distort' olayı tetiklendi.
[14:32:21] [Render thread/INFO] (Minecraft) [System] [CHAT] [AdaptiveHorror] 'jumpscare' olayı tetiklendi.
[14:32:25] [Render thread/INFO] (Minecraft) [System] [CHAT] [AdaptiveHorror] 'screen_effect' olayı tetiklendi.
[14:32:26] [Render thread/INFO] (Minecraft) [System] [CHAT] [AdaptiveHorror] 'screen_effect' olayı tetiklendi.
[14:32:27] [Render thread/INFO] (Minecraft) [System] [CHAT] [AdaptiveHorror] 'screen_effect' olayı tetiklendi.
[14:32:28] [Render thread/INFO] (Minecraft) [System] [CHAT] [AdaptiveHorror] 'screen_effect' olayı tetiklendi.
[14:32:28] [Render thread/INFO] (Minecraft) [System] [CHAT] [AdaptiveHorror] 'screen_effect' olayı tetiklendi.
[14:32:29] [Render thread/INFO] (Minecraft) [System] [CHAT] [AdaptiveHorror] 'screen_effect' olayı tetiklendi.
[14:32:30] [Render thread/INFO] (Minecraft) [System] [CHAT] [AdaptiveHorror] 'screen_effect' olayı tetiklendi.
[14:32:31] [Render thread/INFO] (Minecraft) [System] [CHAT] [AdaptiveHorror] 'screen_effect' olayı tetiklendi.
[14:32:34] [Render thread/INFO] (Minecraft) [System] [CHAT] [AdaptiveHorror] 'shadow_ghost' olayı tetiklendi.
[14:32:35] [Render thread/INFO] (Minecraft) [System] [CHAT] [AdaptiveHorror] 'shadow_ghost' olayı tetiklendi.
[14:32:35] [Render thread/INFO] (Minecraft) [System] [CHAT] [AdaptiveHorror] 'shadow_ghost' olayı tetiklendi.
[14:32:36] [Server thread/INFO] (Minecraft) Saving and pausing game...
[14:32:36] [Server thread/INFO] (Minecraft) Saving chunks for level 'ServerLevel[New World]'/minecraft:overworld
[14:32:36] [Server thread/INFO] (Minecraft) Saving chunks for level 'ServerLevel[New World]'/minecraft:the_nether
[14:32:36] [Server thread/INFO] (Minecraft) Saving chunks for level 'ServerLevel[New World]'/minecraft:the_end
[14:32:42] [Render thread/INFO] (Minecraft) [System] [CHAT] [AdaptiveHorror] 'world_manipulation' olayı tetiklendi.
[14:32:48] [Render thread/INFO] (Minecraft) [System] [CHAT] [AdaptiveHorror] 'sign' olayı tetiklendi.
[14:32:57] [Render thread/INFO] (Minecraft) [System] [CHAT] [AdaptiveHorror] 'sound_illusion' olayı tetiklendi.
[14:32:58] [Render thread/INFO] (Minecraft) [System] [CHAT] [AdaptiveHorror] 'sign' olayı tetiklendi.
[14:33:00] [Render thread/INFO] (Minecraft) [System] [CHAT] [AdaptiveHorror] 'sound_illusion' olayı tetiklendi.
[14:33:04] [Render thread/INFO] (Minecraft) [System] [CHAT] [AdaptiveHorror] 'sound_illusion' olayı tetiklendi.
[14:33:05] [Render thread/INFO] (Minecraft) [System] [CHAT] [AdaptiveHorror] 'sound_illusion' olayı tetiklendi.
[14:33:05] [Render thread/INFO] (Minecraft) [System] [CHAT] [AdaptiveHorror] 'sound_illusion' olayı tetiklendi.
[14:33:06] [Render thread/INFO] (Minecraft) [System] [CHAT] [AdaptiveHorror] 'sound_illusion' olayı tetiklendi.
[14:33:07] [Render thread/INFO] (Minecraft) [System] [CHAT] [AdaptiveHorror] 'sound_illusion' olayı tetiklendi.
[14:33:07] [Render thread/INFO] (Minecraft) [System] [CHAT] [AdaptiveHorror] 'sound_illusion' olayı tetiklendi.
[14:33:08] [Render thread/INFO] (Minecraft) [System] [CHAT] [AdaptiveHorror] 'sound_illusion' olayı tetiklendi.
[14:33:08] [Render thread/INFO] (Minecraft) [System] [CHAT] [AdaptiveHorror] 'sound_illusion' olayı tetiklendi.
[14:33:09] [Render thread/INFO] (Minecraft) [System] [CHAT] [AdaptiveHorror] 'sound_illusion' olayı tetiklendi.
[14:33:09] [Render thread/INFO] (Minecraft) [System] [CHAT] [AdaptiveHorror] 'sound_illusion' olayı tetiklendi.
[14:33:10] [Render thread/INFO] (Minecraft) [System] [CHAT] [AdaptiveHorror] 'sound_illusion' olayı tetiklendi.
[14:33:10] [Render thread/INFO] (Minecraft) [System] [CHAT] [AdaptiveHorror] 'sound_illusion' olayı tetiklendi.
[14:33:11] [Render thread/INFO] (Minecraft) [System] [CHAT] [AdaptiveHorror] 'sound_illusion' olayı tetiklendi.
[14:33:11] [Render thread/INFO] (Minecraft) [System] [CHAT] [AdaptiveHorror] 'sound_illusion' olayı tetiklendi.
[14:33:11] [Render thread/INFO] (Minecraft) [System] [CHAT] [AdaptiveHorror] 'sound_illusion' olayı tetiklendi.
[14:33:12] [Render thread/INFO] (Minecraft) [System] [CHAT] [AdaptiveHorror] 'sound_illusion' olayı tetiklendi.
[14:33:12] [Render thread/INFO] (Minecraft) [System] [CHAT] [AdaptiveHorror] 'sound_illusion' olayı tetiklendi.
[14:33:13] [Render thread/INFO] (Minecraft) [System] [CHAT] [AdaptiveHorror] 'sound_illusion' olayı tetiklendi.
[14:33:17] [Render thread/INFO] (Minecraft) [System] [CHAT] null sunucuya katıldı
[14:33:17] [Render thread/INFO] (Minecraft) [System] [CHAT] [AdaptiveHorror] null şimdi katıldı.
[14:33:33] [Render thread/INFO] (Minecraft) [System] [CHAT] [AdaptiveHorror] Oyun günü 0, yoğunluk 0,20
[14:33:37] [Render thread/INFO] (Minecraft) [System] [CHAT] [AdaptiveHorror] Jumpscare 6 gönderildi.
[14:33:38] [Render thread/INFO] (Minecraft) [System] [CHAT] [AdaptiveHorror] Jumpscare 1 gönderildi.
[14:33:39] [Render thread/INFO] (Minecraft) [System] [CHAT] [AdaptiveHorror] Jumpscare 7 gönderildi.
[14:33:41] [Render thread/INFO] (Minecraft) [System] [CHAT] [AdaptiveHorror] Jumpscare 1 gönderildi.
[14:33:43] [Render thread/INFO] (Minecraft) [System] [CHAT] [AdaptiveHorror] Jumpscare 6 gönderildi.
[14:33:46] [Render thread/INFO] (Minecraft) [System] [CHAT] [AdaptiveHorror] Jumpscare 5 gönderildi.
[14:33:49] [Render thread/INFO] (Minecraft) [System] [CHAT] [AdaptiveHorror] Jumpscare 1 gönderildi.
[14:33:51] [Render thread/INFO] (Minecraft) [System] [CHAT] [AdaptiveHorror] Jumpscare 6 gönderildi.
[14:33:54] [Render thread/INFO] (Minecraft) [System] [CHAT] [AdaptiveHorror] Jumpscare 5 gönderildi.
[14:33:56] [Render thread/INFO] (Minecraft) [System] [CHAT] [AdaptiveHorror] Jumpscare 3 gönderildi.
[14:33:57] [Render thread/INFO] (Minecraft) [System] [CHAT] [AdaptiveHorror] Jumpscare 2 gönderildi.
[14:33:58] [Render thread/INFO] (Minecraft) [System] [CHAT] [AdaptiveHorror] Jumpscare 5 gönderildi.
[14:33:59] [Render thread/INFO] (Minecraft) [System] [CHAT] [AdaptiveHorror] Jumpscare 3 gönderildi.
[14:34:00] [Render thread/INFO] (Minecraft) [System] [CHAT] [AdaptiveHorror] Jumpscare 1 gönderildi.
[14:34:02] [Render thread/INFO] (Minecraft) [System] [CHAT] [AdaptiveHorror] Jumpscare 3 gönderildi.
[14:34:03] [Render thread/INFO] (Minecraft) [System] [CHAT] [AdaptiveHorror] Jumpscare 3 gönderildi.
[14:34:05] [Render thread/INFO] (Minecraft) [System] [CHAT] [AdaptiveHorror] Jumpscare 6 gönderildi.
[14:34:10] [Render thread/INFO] (Minecraft) [System] [CHAT] [AdaptiveHorror] Jumpscare 3 gönderildi.
[14:34:11] [Render thread/INFO] (Minecraft) [System] [CHAT] [AdaptiveHorror] Jumpscare 2 gönderildi.
[14:34:12] [Render thread/INFO] (Minecraft) [System] [CHAT] [AdaptiveHorror] Jumpscare 1 gönderildi.
[14:34:14] [Render thread/INFO] (Minecraft) [System] [CHAT] [AdaptiveHorror] Jumpscare 1 gönderildi.
[14:34:15] [Render thread/INFO] (Minecraft) [System] [CHAT] [AdaptiveHorror] Jumpscare 5 gönderildi.
[14:34:15] [Render thread/INFO] (Minecraft) [System] [CHAT] [AdaptiveHorror] Jumpscare 2 gönderildi.
[14:34:16] [Render thread/INFO] (Minecraft) [System] [CHAT] [AdaptiveHorror] Jumpscare 5 gönderildi.
[14:34:16] [Render thread/INFO] (Minecraft) [System] [CHAT] [AdaptiveHorror] Jumpscare 4 gönderildi.
[14:34:20] [Render thread/INFO] (Minecraft) [System] [CHAT] [AdaptiveHorror] Kitlenme olayı başlatıldı.
[14:34:21] [Render thread/INFO] (Minecraft) [System] [CHAT] OcliFFzvRl@Ewh4G3%U3t@de@m
[14:34:22] [Render thread/INFO] (Minecraft) [System] [CHAT] Ev#UFK7kgCmTb8P2BJz6f
[14:34:23] [Render thread/INFO] (Minecraft) [System] [CHAT] o2n8YFW6&7K##P?zJDtaB
[14:34:23] [Render thread/INFO] (Minecraft) [System] [CHAT] bSqeOTCESvc2TiMPq
[14:34:24] [Render thread/INFO] (Minecraft) [System] [CHAT] y9SHZ8OKvmuAXlEE$
[14:34:25] [Render thread/INFO] (Minecraft) [System] [CHAT] RmyFabIKnO$yd271#zdddx
[14:34:26] [Render thread/INFO] (Minecraft) [System] [CHAT] NPwukZeXB6VQM7$tbQF
[14:34:26] [Render thread/INFO] (Minecraft) [System] [CHAT] nKbhT1SNLUkX&fVyeM7pxCpw
[14:34:27] [Render thread/INFO] (Minecraft) [System] [CHAT] AzhZwLP0CWU0p4
[14:34:28] [Render thread/INFO] (Minecraft) [System] [CHAT] OHG$6P974Yaxy#0yC1FJ3hfF
[14:34:29] [Render thread/INFO] (Minecraft) [System] [CHAT] C#sx@9I2F6QcEt
[14:34:29] [Render thread/INFO] (Minecraft) [System] [CHAT] MwHysEd9SKMDzr8p3
[14:34:30] [Render thread/INFO] (Minecraft) [System] [CHAT] zZlnvp@!IJdnmf9B5ft@uA
[14:34:31] [Render thread/INFO] (Minecraft) [System] [CHAT] Jd@hB6$J9ppGq
[14:34:32] [Render thread/INFO] (Minecraft) [System] [CHAT] CfUVP14Fmn##?7Q5
[14:34:32] [Render thread/INFO] (Minecraft) [System] [CHAT] J8Mrci8EWEhv
[14:34:33] [Render thread/INFO] (Minecraft) [System] [CHAT] E1DZXMyX#snczxWlWy6B#ni
[14:34:34] [Render thread/INFO] (Minecraft) [System] [CHAT] JXtehJ%NUIt@RkXhnz
[14:34:35] [Render thread/INFO] (Minecraft) [System] [CHAT] mS7Tf?JQZlwPiNNmHBuXbX8Xhl
[14:34:35] [Render thread/INFO] (Minecraft) [System] [CHAT] LpjMo!N4FYzvc3
[14:34:36] [Render thread/INFO] (Minecraft) [System] [CHAT] W$Y%!8Ku%bDgBd9c
[14:34:37] [Render thread/INFO] (Minecraft) [System] [CHAT] Kh1dLbidsHYuAl#Z7
[14:34:38] [Render thread/INFO] (Minecraft) [System] [CHAT] Q!xWw#nFOc3?Y
[14:34:38] [Render thread/INFO] (Minecraft) [System] [CHAT] AmpZkreRIQ$fD4d
[14:34:39] [Render thread/INFO] (Minecraft) [System] [CHAT] a&Zt1AeF8!#yOZt
[14:34:40] [Render thread/INFO] (Minecraft) [System] [CHAT] nO6l5l$%6JWT6T!2
[14:34:40] [Render thread/INFO] (Minecraft) [System] [CHAT] [AdaptiveHorror] Kitlenme olayı başlatıldı.
[14:34:41] [Render thread/INFO] (Minecraft) [System] [CHAT] AVhzSLsl&?3Nc7LDN0dMOD9!Uxev
[14:34:41] [Render thread/INFO] (Minecraft) [System] [CHAT] go$wB2nFIQ&46MB2iO0x
[14:34:42] [Render thread/INFO] (Minecraft) [System] [CHAT] 62uoOlNNMsvEZaBeNZ1ZjK!urr
[14:34:43] [Render thread/INFO] (Minecraft) [System] [CHAT] Ss@6T#vBT#oCC7UFVXdF!Cd
[14:34:44] [Render thread/INFO] (Minecraft) [System] [CHAT] 2@cx#eRk$kSrT9
[14:34:44] [Render thread/INFO] (Minecraft) [System] [CHAT] a3QCZwf3347Dw
[14:34:45] [Render thread/INFO] (Minecraft) [System] [CHAT] z9CGHe66!ovVN
[14:34:46] [Render thread/INFO] (Minecraft) [System] [CHAT] y%bCgb3yW1FQ
[14:34:47] [Render thread/INFO] (Minecraft) [System] [CHAT] GhK@s%fGEz#aFM!GF
[14:34:47] [Render thread/INFO] (Minecraft) [System] [CHAT] !E&8oH#fDlNB3fi3
[14:34:48] [Render thread/INFO] (Minecraft) [System] [CHAT] 4TDR1R?S$d%G
[14:34:49] [Render thread/INFO] (Minecraft) [System] [CHAT] kL$yPcg&Cg%4h!xtOCWj3
[14:34:50] [Render thread/INFO] (Minecraft) [System] [CHAT] t9Fuq1aER0VgjevxPdJ#q
[14:34:50] [Render thread/INFO] (Minecraft) [System] [CHAT] kelQek#BqaPlQrJoZVQJ
[14:34:58] [Server thread/INFO] (Minecraft) Player963 was killed
[14:34:58] [Render thread/INFO] (Minecraft) [System] [CHAT] Player963 was killed
[14:35:08] [Render thread/INFO] (Minecraft) [System] [CHAT] [AdaptiveHorror] null belirdi: -22 76 -12 (~15 blok). Etrafına bak.
[14:35:23] [Render thread/INFO] (Minecraft) [System] [CHAT] [AdaptiveHorror] null belirdi: -38 81 -33 (~19 blok). Etrafına bak.
[14:35:26] [Render thread/INFO] (Minecraft) [System] [CHAT] [AdaptiveHorror] null belirdi: -45 77 -20 (~10 blok). Etrafına bak.
[14:35:27] [Server thread/INFO] (Minecraft) Player963 was killed
[14:35:27] [Render thread/INFO] (Minecraft) [System] [CHAT] Player963 was killed
[14:35:31] [Render thread/INFO] (Minecraft) [System] [CHAT] [AdaptiveHorror] null belirdi: -29 84 -28 (~3 blok). Etrafına bak.
[14:35:34] [Server thread/INFO] (Minecraft) Player963 was killed
[14:35:34] [Render thread/INFO] (Minecraft) [System] [CHAT] Player963 was killed
[14:35:37] [Server thread/INFO] (Minecraft) Player963 was killed
[14:35:37] [Render thread/INFO] (Minecraft) [System] [CHAT] Player963 was killed
[14:35:39] [Server thread/INFO] (Minecraft) Player963 was killed
[14:35:39] [Render thread/INFO] (Minecraft) [System] [CHAT] Player963 was killed
[14:35:51] [Render thread/INFO] (Minecraft) [System] [CHAT] [AdaptiveHorror] null belirdi: 7 63 -5 (~13 blok). Etrafına bak.
[14:36:06] [Render thread/INFO] (Minecraft) [System] [CHAT] [AdaptiveHorror] null belirdi: 54 88 -64 (~5 blok). Etrafına bak.
[14:36:09] [Server thread/INFO] (Minecraft) Player963 was killed
[14:36:09] [Render thread/INFO] (Minecraft) [System] [CHAT] Player963 was killed
[14:36:13] [Render thread/INFO] (Minecraft) [System] [CHAT] [AdaptiveHorror] null belirdi: -30 95 -39 (~19 blok). Etrafına bak.
[14:36:16] [Render thread/INFO] (Minecraft) [System] [CHAT] [AdaptiveHorror] null belirdi: -21 72 -9 (~12 blok). Etrafına bak.
[14:36:20] [Render thread/INFO] (Minecraft) [System] [CHAT] [AdaptiveHorror] null belirdi: -32 96 -41 (~22 blok). Etrafına bak.
[14:36:21] [Render thread/INFO] (Minecraft) [System] [CHAT] [AdaptiveHorror] null belirdi: -44 78 -29 (~14 blok). Etrafına bak.
[14:36:21] [Render thread/INFO] (Minecraft) [System] [CHAT] [AdaptiveHorror] null belirdi: -43 79 -30 (~14 blok). Etrafına bak.
[14:36:21] [Render thread/INFO] (Minecraft) [System] [CHAT] [AdaptiveHorror] null belirdi: -31 80 -18 (~3 blok). Etrafına bak.
[14:36:22] [Render thread/INFO] (Minecraft) [System] [CHAT] [AdaptiveHorror] null belirdi: -38 68 -6 (~12 blok). Etrafına bak.
[14:36:22] [Server thread/INFO] (Minecraft) Player963 was killed
[14:36:22] [Render thread/INFO] (Minecraft) [System] [CHAT] Player963 was killed
[14:36:24] [Server thread/INFO] (Minecraft) Player963 was killed
[14:36:24] [Render thread/INFO] (Minecraft) [System] [CHAT] Player963 was killed
[14:36:26] [Server thread/INFO] (Minecraft) Player963 was killed
[14:36:26] [Render thread/INFO] (Minecraft) [System] [CHAT] Player963 was killed
